Source Method: LogGenerator.sendNormalLog() 
Sent at 15:57:04 on 15 gru 2019 
Send from: com.Calculator 
Message: Calculator GUI has been created 
########################################################
Source Method: LogGenerator.sendNormalLog() 
Sent at 16:17:33 on 15 gru 2019 
Send from: com.Calculator 
Message: Calculator GUI has been created 
########################################################
Source Method: LogGenerator.sendNormalLog() 
Sent at 16:18:57 on 15 gru 2019 
Send from: com.Calculator 
Message: Calculator GUI has been created 
########################################################
Source Method: LogGenerator.sendNormalLog() 
Sent at 16:19:13 on 15 gru 2019 
Send from: com.Calculator 
Message: Calculator GUI has been created 
########################################################
Source Method: LogGenerator.sendNormalLog() 
Sent at 16:35:00 on 15 gru 2019 
Send from: com.Calculator 
Message: Calculator GUI has been created 
########################################################
Source Method: LogGenerator.sendNormalLog() 
Sent at 16:49:07 on 15 gru 2019 
Send from: com.Calculator 
Message: Calculator GUI has been created 
########################################################
Source Method: LogGenerator.sendNormalLog() 
Sent at 16:50:26 on 15 gru 2019 
Send from: com.Calculator 
Message: Calculator GUI has been created 
########################################################
Source Method: LogGenerator.sendNormalLog() 
Sent at 17:00:43 on 15 gru 2019 
Send from: com.Calculator 
Message: Calculator GUI has been created 
########################################################
Source Method: LogGenerator.sendNormalLog() 
Sent at 17:01:32 on 15 gru 2019 
Send from: com.Calculator 
Message: Calculator GUI has been created 
########################################################
Source Method: LogGenerator.sendNormalLog() 
Sent at 17:05:12 on 15 gru 2019 
Send from: com.Calculator 
Message: Calculator GUI has been created 
########################################################
Source Method: LogGenerator.sendNormalLog() 
Sent at 17:09:19 on 15 gru 2019 
Send from: com.Calculator 
Message: Calculator GUI has been created 
########################################################
